#
# There is insufficient memory for the Java Runtime Environment to continue.
# Native memory allocation (mmap) failed to map 262144 bytes for committing reserved memory.
# Possible reasons:
#   The system is out of physical RAM or swap space
#   In 32 bit mode, the process size limit was hit
# Possible solutions:
#   Reduce memory load on the system
#   Increase physical memory or swap space
#   Check if swap backing store is full
#   Use 64 bit Java on a 64 bit OS
#   Decrease Java heap size (-Xmx/-Xms)
#   Decrease number of Java threads
#   Decrease Java thread stack sizes (-Xss)
#   Set larger code cache with -XX:ReservedCodeCacheSize=
# This output file may be truncated or incomplete.
#
#  Out of Memory Error (os_linux.cpp:2638), pid=4234, tid=140079967897344
#
# JRE version: OpenJDK Runtime Environment (8.0_91-b14) (build 1.8.0_91-b14)
# Java VM: OpenJDK 64-Bit Server VM (25.91-b14 mixed mode linux-amd64 compressed oops)
# Failed to write core dump. Core dumps have been disabled. To enable core dumping, try "ulimit -c unlimited" before starting Java again
#

---------------  T H R E A D  ---------------

Current thread (0x00007f66e0009000):  JavaThread "main" [_thread_in_vm, id=4244, stack(0x00007f66e8aa0000,0x00007f66e8ba1000)]

Stack: [0x00007f66e8aa0000,0x00007f66e8ba1000],  sp=0x00007f66e8b99610,  free space=997k
Native frames: (J=compiled Java code, j=interpreted, Vv=VM code, C=native code)
V  [libjvm.so+0xa0a54d]
V  [libjvm.so+0x4c591a]
V  [libjvm.so+0x86d500]
V  [libjvm.so+0x867bfe]
V  [libjvm.so+0xa07344]
V  [libjvm.so+0x7fc673]
V  [libjvm.so+0x7fc8f1]
V  [libjvm.so+0x7fd500]
V  [libjvm.so+0x7fd5eb]
V  [libjvm.so+0x7fde5e]
V  [libjvm.so+0x7fe087]
V  [libjvm.so+0x4b91a1]
V  [libjvm.so+0x804788]
V  [libjvm.so+0x434121]
V  [libjvm.so+0x43569b]
V  [libjvm.so+0x436899]
V  [libjvm.so+0x982e56]
V  [libjvm.so+0x6801ab]
V  [libjvm.so+0x681c3b]  JVM_DefineClassWithSource+0x9b
C  [libjava.so+0xf07d]  Java_java_lang_ClassLoader_defineClass1+0x16d
J 547  java.lang.ClassLoader.defineClass1(Ljava/lang/String;[BIILjava/security/ProtectionDomain;Ljava/lang/String;)Ljava/lang/Class; (0 bytes) @ 0x00007f66d128088b [0x00007f66d1280780+0x10b]
J 438 C1 java.lang.ClassLoader.defineClass(Ljava/lang/String;[BIILjava/security/ProtectionDomain;)Ljava/lang/Class; (43 bytes) @ 0x00007f66d120f906 [0x00007f66d120f340+0x5c6]
J 320 C1 java.net.URLClassLoader.defineClass(Ljava/lang/String;Lsun/misc/Resource;)Ljava/lang/Class; (142 bytes) @ 0x00007f66d11c5a68 [0x00007f66d11c3f80+0x1ae8]
J 259 C1 java.net.URLClassLoader$1.run()Ljava/lang/Class; (63 bytes) @ 0x00007f66d1191812 [0x00007f66d1191560+0x2b2]
J 258 C1 java.net.URLClassLoader$1.run()Ljava/lang/Object; (5 bytes) @ 0x00007f66d1191209 [0x00007f66d1191180+0x89]
v  ~StubRoutines::call_stub
V  [libjvm.so+0x63e80a]
V  [libjvm.so+0x68e1ad]  JVM_DoPrivileged+0x55d
J 257  java.security.AccessController.doPrivileged(Ljava/security/PrivilegedExceptionAction;Ljava/security/AccessControlContext;)Ljava/lang/Object; (0 bytes) @ 0x00007f66d1190ed5 [0x00007f66d1190e00+0xd5]
J 209 C1 java.net.URLClassLoader.findClass(Ljava/lang/String;)Ljava/lang/Class; (47 bytes) @ 0x00007f66d117b283 [0x00007f66d117b100+0x183]
J 562 C1 org.codehaus.plexus.classworlds.realm.ClassRealm.loadClassFromSelf(Ljava/lang/String;)Ljava/lang/Class; (40 bytes) @ 0x00007f66d12a1b68 [0x00007f66d12a1800+0x368]
J 359 C1 org.codehaus.plexus.classworlds.strategy.SelfFirstStrategy.loadClass(Ljava/lang/String;)Ljava/lang/Class; (50 bytes) @ 0x00007f66d11e5f4f [0x00007f66d11e5cc0+0x28f]
J 325 C1 org.codehaus.plexus.classworlds.realm.ClassRealm.loadClass(Ljava/lang/String;)Ljava/lang/Class; (7 bytes) @ 0x00007f66d11c2bf4 [0x00007f66d11c29e0+0x214]
v  ~StubRoutines::call_stub
V  [libjvm.so+0x63e80a]
V  [libjvm.so+0x63bcc4]
V  [libjvm.so+0x63c365]
V  [libjvm.so+0x980e68]
V  [libjvm.so+0x98175c]
V  [libjvm.so+0x981bf8]
V  [libjvm.so+0x9e6f40]
V  [libjvm.so+0x9f9ea2]
V  [libjvm.so+0x9f180d]
V  [libjvm.so+0x9f3fd0]
V  [libjvm.so+0x9f9278]
V  [libjvm.so+0x9f9823]
V  [libjvm.so+0x5fcdf4]
V  [libjvm.so+0x5fd117]
V  [libjvm.so+0x690d45]  JVM_GetClassDeclaredFields+0x145
j  java.lang.Class.getDeclaredFields0(Z)[Ljava/lang/reflect/Field;+0
J 763 C1 java.lang.Class.privateGetDeclaredFields(Z)[Ljava/lang/reflect/Field; (67 bytes) @ 0x00007f66d13122a4 [0x00007f66d1311fa0+0x304]
J 773 C1 com.google.inject.spi.InjectionPoint.getInjectionPoints(Lcom/google/inject/TypeLiteral;ZLcom/google/inject/internal/Errors;)Ljava/util/Set; (495 bytes) @ 0x00007f66d131d7ea [0x00007f66d131d120+0x6ca]
j  com.google.inject.spi.InjectionPoint.forInstanceMethodsAndFields(Lcom/google/inject/TypeLiteral;)Ljava/util/Set;+11
j  org.eclipse.sisu.wire.DependencyAnalyzer.analyzeImplementation(Lcom/google/inject/TypeLiteral;Z)Ljava/lang/Boolean;+44
j  org.eclipse.sisu.wire.DependencyAnalyzer.visit(Lcom/google/inject/spi/UntargettedBinding;)Ljava/lang/Boolean;+11
j  org.eclipse.sisu.wire.DependencyAnalyzer.visit(Lcom/google/inject/spi/UntargettedBinding;)Ljava/lang/Object;+5
j  com.google.inject.internal.UntargettedBindingImpl.acceptTargetVisitor(Lcom/google/inject/spi/BindingTargetVisitor;)Ljava/lang/Object;+2
j  org.eclipse.sisu.wire.ElementAnalyzer.visit(Lcom/google/inject/Binding;)Ljava/lang/Void;+43
j  org.eclipse.sisu.wire.ElementAnalyzer.visit(Lcom/google/inject/Binding;)Ljava/lang/Object;+5
j  com.google.inject.internal.BindingImpl.acceptVisitor(Lcom/google/inject/spi/ElementVisitor;)Ljava/lang/Object;+2
j  org.eclipse.sisu.wire.WireModule.configure(Lcom/google/inject/Binder;)V+39
j  com.google.inject.spi.Elements$RecordingBinder.install(Lcom/google/inject/Module;)V+161
j  com.google.inject.spi.Elements.getElements(Lcom/google/inject/Stage;Ljava/lang/Iterable;)Ljava/util/List;+40
j  com.google.inject.internal.InjectorShell$Builder.build(Lcom/google/inject/internal/Initializer;Lcom/google/inject/internal/ProcessedBindingData;Lcom/google/inject/internal/util/Stopwatch;Lcom/google/inject/internal/Errors;)Ljava/util/List;+122
j  com.google.inject.internal.InternalInjectorCreator.build()Lcom/google/inject/Injector;+48
j  com.google.inject.Guice.createInjector(Lcom/google/inject/Stage;Ljava/lang/Iterable;)Lcom/google/inject/Injector;+15
j  com.google.inject.Guice.createInjector(Ljava/lang/Iterable;)Lcom/google/inject/Injector;+4
j  com.google.inject.Guice.createInjector([Lcom/google/inject/Module;)Lcom/google/inject/Injector;+4
j  org.codehaus.plexus.DefaultPlexusContainer.addPlexusInjector(Ljava/util/List;[Lcom/google/inject/Module;)Lcom/google/inject/Injector;+88
j  org.codehaus.plexus.DefaultPlexusContainer.<init>(Lorg/codehaus/plexus/ContainerConfiguration;[Lcom/google/inject/Module;)V+397
j  org.apache.maven.cli.MavenCli.container(Lorg/apache/maven/cli/CliRequest;)Lorg/codehaus/plexus/PlexusContainer;+269
j  org.apache.maven.cli.MavenCli.doMain(Lorg/apache/maven/cli/CliRequest;)I+29
j  org.apache.maven.cli.MavenCli.main([Ljava/lang/String;Lorg/codehaus/plexus/classworlds/ClassWorld;)I+18
v  ~StubRoutines::call_stub
V  [libjvm.so+0x63e80a]
V  [libjvm.so+0x8e9ea2]
V  [libjvm.so+0x8ea8a3]
V  [libjvm.so+0x68afa3]  JVM_InvokeMethod+0x193
j  sun.reflect.NativeMethodAccessorImpl.invoke0(Ljava/lang/reflect/Method;Ljava/lang/Object;[Ljava/lang/Object;)Ljava/lang/Object;+0
j  sun.reflect.NativeMethodAccessorImpl.invoke(Ljava/lang/Object;[Ljava/lang/Object;)Ljava/lang/Object;+100
j  sun.reflect.DelegatingMethodAccessorImpl.invoke(Ljava/lang/Object;[Ljava/lang/Object;)Ljava/lang/Object;+6
j  java.lang.reflect.Method.invoke(Ljava/lang/Object;[Ljava/lang/Object;)Ljava/lang/Object;+56
j  org.codehaus.plexus.classworlds.launcher.Launcher.launchEnhanced([Ljava/lang/String;)V+45
j  org.codehaus.plexus.classworlds.launcher.Launcher.launch([Ljava/lang/String;)V+2
j  org.codehaus.plexus.classworlds.launcher.Launcher.mainWithExitCode([Ljava/lang/String;)I+101
j  org.codehaus.plexus.classworlds.launcher.Launcher.main([Ljava/lang/String;)V+1
v  ~StubRoutines::call_stub
V  [libjvm.so+0x63e80a]
V  [libjvm.so+0x64e93a]
V  [libjvm.so+0x662006]
C  [libjli.so+0x39d6]
C  [libpthread.so.0+0x7dc5]  start_thread+0xc5

Java frames: (J=compiled Java code, j=interpreted, Vv=VM code)
J 547  java.lang.ClassLoader.defineClass1(Ljava/lang/String;[BIILjava/security/ProtectionDomain;Ljava/lang/String;)Ljava/lang/Class; (0 bytes) @ 0x00007f66d1280811 [0x00007f66d1280780+0x91]
J 438 C1 java.lang.ClassLoader.defineClass(Ljava/lang/String;[BIILjava/security/ProtectionDomain;)Ljava/lang/Class; (43 bytes) @ 0x00007f66d120f906 [0x00007f66d120f340+0x5c6]
J 320 C1 java.net.URLClassLoader.defineClass(Ljava/lang/String;Lsun/misc/Resource;)Ljava/lang/Class; (142 bytes) @ 0x00007f66d11c5a68 [0x00007f66d11c3f80+0x1ae8]
J 259 C1 java.net.URLClassLoader$1.run()Ljava/lang/Class; (63 bytes) @ 0x00007f66d1191812 [0x00007f66d1191560+0x2b2]
J 258 C1 java.net.URLClassLoader$1.run()Ljava/lang/Object; (5 bytes) @ 0x00007f66d1191209 [0x00007f66d1191180+0x89]
v  ~StubRoutines::call_stub
J 257  java.security.AccessController.doPrivileged(Ljava/security/PrivilegedExceptionAction;Ljava/security/AccessControlContext;)Ljava/lang/Object; (0 bytes) @ 0x00007f66d1190e63 [0x00007f66d1190e00+0x63]
J 209 C1 java.net.URLClassLoader.findClass(Ljava/lang/String;)Ljava/lang/Class; (47 bytes) @ 0x00007f66d117b283 [0x00007f66d117b100+0x183]
J 562 C1 org.codehaus.plexus.classworlds.realm.ClassRealm.loadClassFromSelf(Ljava/lang/String;)Ljava/lang/Class; (40 bytes) @ 0x00007f66d12a1b68 [0x00007f66d12a1800+0x368]
J 359 C1 org.codehaus.plexus.classworlds.strategy.SelfFirstStrategy.loadClass(Ljava/lang/String;)Ljava/lang/Class; (50 bytes) @ 0x00007f66d11e5f4f [0x00007f66d11e5cc0+0x28f]
J 325 C1 org.codehaus.plexus.classworlds.realm.ClassRealm.loadClass(Ljava/lang/String;)Ljava/lang/Class; (7 bytes) @ 0x00007f66d11c2bf4 [0x00007f66d11c29e0+0x214]
v  ~StubRoutines::call_stub
j  java.lang.Class.getDeclaredFields0(Z)[Ljava/lang/reflect/Field;+0
J 763 C1 java.lang.Class.privateGetDeclaredFields(Z)[Ljava/lang/reflect/Field; (67 bytes) @ 0x00007f66d13122a4 [0x00007f66d1311fa0+0x304]
J 773 C1 com.google.inject.spi.InjectionPoint.getInjectionPoints(Lcom/google/inject/TypeLiteral;ZLcom/google/inject/internal/Errors;)Ljava/util/Set; (495 bytes) @ 0x00007f66d131d7ea [0x00007f66d131d120+0x6ca]
j  com.google.inject.spi.InjectionPoint.forInstanceMethodsAndFields(Lcom/google/inject/TypeLiteral;)Ljava/util/Set;+11
j  org.eclipse.sisu.wire.DependencyAnalyzer.analyzeImplementation(Lcom/google/inject/TypeLiteral;Z)Ljava/lang/Boolean;+44
j  org.eclipse.sisu.wire.DependencyAnalyzer.visit(Lcom/google/inject/spi/UntargettedBinding;)Ljava/lang/Boolean;+11
j  org.eclipse.sisu.wire.DependencyAnalyzer.visit(Lcom/google/inject/spi/UntargettedBinding;)Ljava/lang/Object;+5
j  com.google.inject.internal.UntargettedBindingImpl.acceptTargetVisitor(Lcom/google/inject/spi/BindingTargetVisitor;)Ljava/lang/Object;+2
j  org.eclipse.sisu.wire.ElementAnalyzer.visit(Lcom/google/inject/Binding;)Ljava/lang/Void;+43
j  org.eclipse.sisu.wire.ElementAnalyzer.visit(Lcom/google/inject/Binding;)Ljava/lang/Object;+5
j  com.google.inject.internal.BindingImpl.acceptVisitor(Lcom/google/inject/spi/ElementVisitor;)Ljava/lang/Object;+2
j  org.eclipse.sisu.wire.WireModule.configure(Lcom/google/inject/Binder;)V+39
j  com.google.inject.spi.Elements$RecordingBinder.install(Lcom/google/inject/Module;)V+161
j  com.google.inject.spi.Elements.getElements(Lcom/google/inject/Stage;Ljava/lang/Iterable;)Ljava/util/List;+40
j  com.google.inject.internal.InjectorShell$Builder.build(Lcom/google/inject/internal/Initializer;Lcom/google/inject/internal/ProcessedBindingData;Lcom/google/inject/internal/util/Stopwatch;Lcom/google/inject/internal/Errors;)Ljava/util/List;+122
j  com.google.inject.internal.InternalInjectorCreator.build()Lcom/google/inject/Injector;+48
j  com.google.inject.Guice.createInjector(Lcom/google/inject/Stage;Ljava/lang/Iterable;)Lcom/google/inject/Injector;+15
j  com.google.inject.Guice.createInjector(Ljava/lang/Iterable;)Lcom/google/inject/Injector;+4
j  com.google.inject.Guice.createInjector([Lcom/google/inject/Module;)Lcom/google/inject/Injector;+4
j  org.codehaus.plexus.DefaultPlexusContainer.addPlexusInjector(Ljava/util/List;[Lcom/google/inject/Module;)Lcom/google/inject/Injector;+88
j  org.codehaus.plexus.DefaultPlexusContainer.<init>(Lorg/codehaus/plexus/ContainerConfiguration;[Lcom/google/inject/Module;)V+397
j  org.apache.maven.cli.MavenCli.container(Lorg/apache/maven/cli/CliRequest;)Lorg/codehaus/plexus/PlexusContainer;+269
j  org.apache.maven.cli.MavenCli.doMain(Lorg/apache/maven/cli/CliRequest;)I+29
j  org.apache.maven.cli.MavenCli.main([Ljava/lang/String;Lorg/codehaus/plexus/classworlds/ClassWorld;)I+18
v  ~StubRoutines::call_stub
j  sun.reflect.NativeMethodAccessorImpl.invoke0(Ljava/lang/reflect/Method;Ljava/lang/Object;[Ljava/lang/Object;)Ljava/lang/Object;+0
j  sun.reflect.NativeMethodAccessorImpl.invoke(Ljava/lang/Object;[Ljava/lang/Object;)Ljava/lang/Object;+100
j  sun.reflect.DelegatingMethodAccessorImpl.invoke(Ljava/lang/Object;[Ljava/lang/Object;)Ljava/lang/Object;+6
j  java.lang.reflect.Method.invoke(Ljava/lang/Object;[Ljava/lang/Object;)Ljava/lang/Object;+56
j  org.codehaus.plexus.classworlds.launcher.Launcher.launchEnhanced([Ljava/lang/String;)V+45
j  org.codehaus.plexus.classworlds.launcher.Launcher.launch([Ljava/lang/String;)V+2
j  org.codehaus.plexus.classworlds.launcher.Launcher.mainWithExitCode([Ljava/lang/String;)I+101
j  org.codehaus.plexus.classworlds.launcher.Launcher.main([Ljava/lang/String;)V+1
v  ~StubRoutines::call_stub

---------------  P R O C E S S  ---------------

Java Threads: ( => current thread )
  0x00007f66e00cd800 JavaThread "Service Thread" daemon [_thread_blocked, id=4251, stack(0x00007f66e462b000,0x00007f66e472c000)]
  0x00007f66e00c2800 JavaThread "C1 CompilerThread1" daemon [_thread_blocked, id=4250, stack(0x00007f66e472c000,0x00007f66e482d000)]
  0x00007f66e00b6000 JavaThread "C2 CompilerThread0" daemon [_thread_blocked, id=4249, stack(0x00007f66e482d000,0x00007f66e492e000)]
  0x00007f66e00b3800 JavaThread "Signal Dispatcher" daemon [_thread_blocked, id=4248, stack(0x00007f66e492e000,0x00007f66e4a2f000)]
  0x00007f66e0089800 JavaThread "Finalizer" daemon [_thread_blocked, id=4247, stack(0x00007f66e4a2f000,0x00007f66e4b30000)]
  0x00007f66e0085000 JavaThread "Reference Handler" daemon [_thread_blocked, id=4246, stack(0x00007f66e4b30000,0x00007f66e4c31000)]
=>0x00007f66e0009000 JavaThread "main" [_thread_in_vm, id=4244, stack(0x00007f66e8aa0000,0x00007f66e8ba1000)]

Other Threads:
  0x00007f66e007b000 VMThread [stack: 0x00007f66e4c31000,0x00007f66e4d32000] [id=4245]
  0x00007f66e00d0800 WatcherThread [stack: 0x00007f66e452a000,0x00007f66e462b000] [id=4252]

VM state:not at safepoint (normal execution)

VM Mutex/Monitor currently owned by a thread: None

Heap:
 def new generation   total 4928K, used 600K [0x00000000f0800000, 0x00000000f0d50000, 0x00000000f5aa0000)
  eden space 4416K,   2% used [0x00000000f0800000, 0x00000000f0816158, 0x00000000f0c50000)
  from space 512K,  99% used [0x00000000f0c50000, 0x00000000f0ccfff0, 0x00000000f0cd0000)
  to   space 512K,   0% used [0x00000000f0cd0000, 0x00000000f0cd0000, 0x00000000f0d50000)
 tenured generation   total 10944K, used 4329K [0x00000000f5aa0000, 0x00000000f6550000, 0x0000000100000000)
   the space 10944K,  39% used [0x00000000f5aa0000, 0x00000000f5eda668, 0x00000000f5eda800, 0x00000000f6550000)
 Metaspace       used 10060K, capacity 10164K, committed 10240K, reserved 1058816K
  class space    used 1162K, capacity 1213K, committed 1280K, reserved 1048576K

Card table byte_map: [0x00007f66e8a1b000,0x00007f66e8a98000] byte_map_base: 0x00007f66e8297000

Polling page: 0x00007f66e8bac000

CodeCache: size=245760Kb used=3274Kb max_used=3274Kb free=242486Kb
 bounds [0x00007f66d1000000, 0x00007f66d1340000, 0x00007f66e0000000]
 total_blobs=1096 nmethods=798 adapters=213
 compilation: enabled

Compilation events (10 events):
Event: 15.576 Thread 0x00007f66e00c2800  797       1       sun.reflect.annotation.AnnotationType::memberDefaults (5 bytes)
Event: 15.576 Thread 0x00007f66e00c2800 nmethod 797 0x00007f66d13338d0 code [0x00007f66d1333a20, 0x00007f66d1333b30]
Event: 15.576 Thread 0x00007f66e00c2800  798       1       sun.reflect.annotation.AnnotationType::retention (5 bytes)
Event: 15.576 Thread 0x00007f66e00c2800 nmethod 798 0x00007f66d1333b90 code [0x00007f66d1333ce0, 0x00007f66d1333df0]
Event: 15.578 Thread 0x00007f66e00c2800  801       3       com.google.inject.TypeLiteral::resolve (9 bytes)
Event: 15.578 Thread 0x00007f66e00c2800 nmethod 801 0x00007f66d1333e50 code [0x00007f66d1333fe0, 0x00007f66d1334250]
Event: 15.578 Thread 0x00007f66e00c2800  799       3       sun.reflect.generics.parser.SignatureParser::parseFieldTypeSignature (6 bytes)
Event: 15.578 Thread 0x00007f66e00c2800 nmethod 799 0x00007f66d1334390 code [0x00007f66d1334500, 0x00007f66d1334680]
Event: 15.578 Thread 0x00007f66e00c2800  800       3       sun.reflect.generics.parser.SignatureParser::parseFieldTypeSignature (73 bytes)
Event: 15.579 Thread 0x00007f66e00c2800 nmethod 800 0x00007f66d1334710 code [0x00007f66d1334920, 0x00007f66d1334ef8]

GC Heap History (10 events):
Event: 13.057 GC heap before
{Heap before GC invocations=5 (full 0):
 def new generation   total 4928K, used 4717K [0x00000000f0800000, 0x00000000f0d50000, 0x00000000f5aa0000)
  eden space 4416K, 100% used [0x00000000f0800000, 0x00000000f0c50000, 0x00000000f0c50000)
  from space 512K,  58% used [0x00000000f0cd0000, 0x00000000f0d1b5e0, 0x00000000f0d50000)
  to   space 512K,   0% used [0x00000000f0c50000, 0x00000000f0c50000, 0x00000000f0cd0000)
 tenured generation   total 10944K, used 2760K [0x00000000f5aa0000, 0x00000000f6550000, 0x0000000100000000)
   the space 10944K,  25% used [0x00000000f5aa0000, 0x00000000f5d52158, 0x00000000f5d52200, 0x00000000f6550000)
 Metaspace       used 8067K, capacity 8188K, committed 8448K, reserved 1056768K
  class space    used 922K, capacity 984K, committed 1024K, reserved 1048576K
Event: 13.058 GC heap after
Heap after GC invocations=6 (full 0):
 def new generation   total 4928K, used 306K [0x00000000f0800000, 0x00000000f0d50000, 0x00000000f5aa0000)
  eden space 4416K,   0% used [0x00000000f0800000, 0x00000000f0800000, 0x00000000f0c50000)
  from space 512K,  59% used [0x00000000f0c50000, 0x00000000f0c9c880, 0x00000000f0cd0000)
  to   space 512K,   0% used [0x00000000f0cd0000, 0x00000000f0cd0000, 0x00000000f0d50000)
 tenured generation   total 10944K, used 2919K [0x00000000f5aa0000, 0x00000000f6550000, 0x0000000100000000)
   the space 10944K,  26% used [0x00000000f5aa0000, 0x00000000f5d79f18, 0x00000000f5d7a000, 0x00000000f6550000)
 Metaspace       used 8067K, capacity 8188K, committed 8448K, reserved 1056768K
  class space    used 922K, capacity 984K, committed 1024K, reserved 1048576K
}
Event: 13.406 GC heap before
{Heap before GC invocations=6 (full 0):
 def new generation   total 4928K, used 4722K [0x00000000f0800000, 0x00000000f0d50000, 0x00000000f5aa0000)
  eden space 4416K, 100% used [0x00000000f0800000, 0x00000000f0c50000, 0x00000000f0c50000)
  from space 512K,  59% used [0x00000000f0c50000, 0x00000000f0c9c880, 0x00000000f0cd0000)
  to   space 512K,   0% used [0x00000000f0cd0000, 0x00000000f0cd0000, 0x00000000f0d50000)
 tenured generation   total 10944K, used 2919K [0x00000000f5aa0000, 0x00000000f6550000, 0x0000000100000000)
   the space 10944K,  26% used [0x00000000f5aa0000, 0x00000000f5d79f18, 0x00000000f5d7a000, 0x00000000f6550000)
 Metaspace       used 8299K, capacity 8476K, committed 8704K, reserved 1056768K
  class space    used 958K, capacity 1016K, committed 1024K, reserved 1048576K
Event: 13.409 GC heap after
Heap after GC invocations=7 (full 0):
 def new generation   total 4928K, used 418K [0x00000000f0800000, 0x00000000f0d50000, 0x00000000f5aa0000)
  eden space 4416K,   0% used [0x00000000f0800000, 0x00000000f0800000, 0x00000000f0c50000)
  from space 512K,  81% used [0x00000000f0cd0000, 0x00000000f0d38be8, 0x00000000f0d50000)
  to   space 512K,   0% used [0x00000000f0c50000, 0x00000000f0c50000, 0x00000000f0cd0000)
 tenured generation   total 10944K, used 3054K [0x00000000f5aa0000, 0x00000000f6550000, 0x0000000100000000)
   the space 10944K,  27% used [0x00000000f5aa0000, 0x00000000f5d9baa0, 0x00000000f5d9bc00, 0x00000000f6550000)
 Metaspace       used 8299K, capacity 8476K, committed 8704K, reserved 1056768K
  class space    used 958K, capacity 1016K, committed 1024K, reserved 1048576K
}
Event: 13.485 GC heap before
{Heap before GC invocations=7 (full 0):
 def new generation   total 4928K, used 4834K [0x00000000f0800000, 0x00000000f0d50000, 0x00000000f5aa0000)
  eden space 4416K, 100% used [0x00000000f0800000, 0x00000000f0c50000, 0x00000000f0c50000)
  from space 512K,  81% used [0x00000000f0cd0000, 0x00000000f0d38be8, 0x00000000f0d50000)
  to   space 512K,   0% used [0x00000000f0c50000, 0x00000000f0c50000, 0x00000000f0cd0000)
 tenured generation   total 10944K, used 3054K [0x00000000f5aa0000, 0x00000000f6550000, 0x0000000100000000)
   the space 10944K,  27% used [0x00000000f5aa0000, 0x00000000f5d9baa0, 0x00000000f5d9bc00, 0x00000000f6550000)
 Metaspace       used 8770K, capacity 8898K, committed 9088K, reserved 1056768K
  class space    used 1012K, capacity 1049K, committed 1152K, reserved 1048576K
Event: 13.488 GC heap after
Heap after GC invocations=8 (full 0):
 def new generation   total 4928K, used 511K [0x00000000f0800000, 0x00000000f0d50000, 0x00000000f5aa0000)
  eden space 4416K,   0% used [0x00000000f0800000, 0x00000000f0800000, 0x00000000f0c50000)
  from space 512K,  99% used [0x00000000f0c50000, 0x00000000f0ccfff8, 0x00000000f0cd0000)
  to   space 512K,   0% used [0x00000000f0cd0000, 0x00000000f0cd0000, 0x00000000f0d50000)
 tenured generation   total 10944K, used 3652K [0x00000000f5aa0000, 0x00000000f6550000, 0x0000000100000000)
   the space 10944K,  33% used [0x00000000f5aa0000, 0x00000000f5e31370, 0x00000000f5e31400, 0x00000000f6550000)
 Metaspace       used 8770K, capacity 8898K, committed 9088K, reserved 1056768K
  class space    used 1012K, capacity 1049K, committed 1152K, reserved 1048576K
}
Event: 14.859 GC heap before
{Heap before GC invocations=8 (full 0):
 def new generation   total 4928K, used 4927K [0x00000000f0800000, 0x00000000f0d50000, 0x00000000f5aa0000)
  eden space 4416K, 100% used [0x00000000f0800000, 0x00000000f0c50000, 0x00000000f0c50000)
  from space 512K,  99% used [0x00000000f0c50000, 0x00000000f0ccfff8, 0x00000000f0cd0000)
  to   space 512K,   0% used [0x00000000f0cd0000, 0x00000000f0cd0000, 0x00000000f0d50000)
 tenured generation   total 10944K, used 3652K [0x00000000f5aa0000, 0x00000000f6550000, 0x0000000100000000)
   the space 10944K,  33% used [0x00000000f5aa0000, 0x00000000f5e31370, 0x00000000f5e31400, 0x00000000f6550000)
 Metaspace       used 9416K, capacity 9582K, committed 9600K, reserved 1058816K
  class space    used 1085K, capacity 1148K, committed 1152K, reserved 1048576K
Event: 14.880 GC heap after
Heap after GC invocations=9 (full 0):
 def new generation   total 4928K, used 511K [0x00000000f0800000, 0x00000000f0d50000, 0x00000000f5aa0000)
  eden space 4416K,   0% used [0x00000000f0800000, 0x00000000f0800000, 0x00000000f0c50000)
  from space 512K,  99% used [0x00000000f0cd0000, 0x00000000f0d4fff8, 0x00000000f0d50000)
  to   space 512K,   0% used [0x00000000f0c50000, 0x00000000f0c50000, 0x00000000f0cd0000)
 tenured generation   total 10944K, used 3987K [0x00000000f5aa0000, 0x00000000f6550000, 0x0000000100000000)
   the space 10944K,  36% used [0x00000000f5aa0000, 0x00000000f5e84d08, 0x00000000f5e84e00, 0x00000000f6550000)
 Metaspace       used 9416K, capacity 9582K, committed 9600K, reserved 1058816K
  class space    used 1085K, capacity 1148K, committed 1152K, reserved 1048576K
}
Event: 15.579 GC heap before
{Heap before GC invocations=9 (full 0):
 def new generation   total 4928K, used 4927K [0x00000000f0800000, 0x00000000f0d50000, 0x00000000f5aa0000)
  eden space 4416K, 100% used [0x00000000f0800000, 0x00000000f0c50000, 0x00000000f0c50000)
  from space 512K,  99% used [0x00000000f0cd0000, 0x00000000f0d4fff8, 0x00000000f0d50000)
  to   space 512K,   0% used [0x00000000f0c50000, 0x00000000f0c50000, 0x00000000f0cd0000)
 tenured generation   total 10944K, used 3987K [0x00000000f5aa0000, 0x00000000f6550000, 0x0000000100000000)
   the space 10944K,  36% used [0x00000000f5aa0000, 0x00000000f5e84d08, 0x00000000f5e84e00, 0x00000000f6550000)
 Metaspace       used 10059K, capacity 10164K, committed 10240K, reserved 1058816K
  class space    used 1162K, capacity 1213K, committed 1280K, reserved 1048576K
Event: 15.840 GC heap after
Heap after GC invocations=10 (full 0):
 def new generation   total 4928K, used 511K [0x00000000f0800000, 0x00000000f0d50000, 0x00000000f5aa0000)
  eden space 4416K,   0% used [0x00000000f0800000, 0x00000000f0800000, 0x00000000f0c50000)
  from space 512K,  99% used [0x00000000f0c50000, 0x00000000f0ccfff0, 0x00000000f0cd0000)
  to   space 512K,   0% used [0x00000000f0cd0000, 0x00000000f0cd0000, 0x00000000f0d50000)
 tenured generation   total 10944K, used 4329K [0x00000000f5aa0000, 0x00000000f6550000, 0x0000000100000000)
   the space 10944K,  39% used [0x00000000f5aa0000, 0x00000000f5eda668, 0x00000000f5eda800, 0x00000000f6550000)
 Metaspace       used 10059K, capacity 10164K, committed 10240K, reserved 1058816K
  class space    used 1162K, capacity 1213K, committed 1280K, reserved 1048576K
}

Deoptimization events (4 events):
Event: 0.617 Thread 0x00007f66e0009000 Uncommon trap: reason=unstable_if action=reinterpret pc=0x00007f66d11a2754 method=java.lang.String.replace(CC)Ljava/lang/String; @ 26
Event: 12.057 Thread 0x00007f66e0009000 Uncommon trap: reason=unstable_if action=reinterpret pc=0x00007f66d1262e70 method=org.codehaus.plexus.util.xml.pull.MXParser.nextImpl()I @ 200
Event: 13.099 Thread 0x00007f66e0009000 Uncommon trap: reason=unstable_if action=reinterpret pc=0x00007f66d1281404 method=org.codehaus.plexus.util.xml.pull.MXParser.nextImpl()I @ 241
Event: 13.445 Thread 0x00007f66e0009000 Uncommon trap: reason=range_check action=make_not_entrant pc=0x00007f66d12a2340 method=sun.reflect.generics.parser.SignatureParser.current()C @ 34

Internal exceptions (10 events):
Event: 13.465 Thread 0x00007f66e0009000 Exception <a 'java/lang/ArrayIndexOutOfBoundsException'> (0x00000000f0ad7848) thrown at [/builddir/build/BUILD/java-1.8.0-openjdk-1.8.0.91-0.b14.el7_2.x86_64/openjdk/hotspot/src/share/vm/runtime/sharedRuntime.cpp, line 613]
Event: 13.465 Thread 0x00007f66e0009000 Exception <a 'java/lang/ArrayIndexOutOfBoundsException'> (0x00000000f0ad85d8) thrown at [/builddir/build/BUILD/java-1.8.0-openjdk-1.8.0.91-0.b14.el7_2.x86_64/openjdk/hotspot/src/share/vm/runtime/sharedRuntime.cpp, line 613]
Event: 13.465 Thread 0x00007f66e0009000 Exception <a 'java/lang/ArrayIndexOutOfBoundsException'> (0x00000000f0ad9438) thrown at [/builddir/build/BUILD/java-1.8.0-openjdk-1.8.0.91-0.b14.el7_2.x86_64/openjdk/hotspot/src/share/vm/runtime/sharedRuntime.cpp, line 613]
Event: 13.465 Thread 0x00007f66e0009000 Exception <a 'java/lang/ArrayIndexOutOfBoundsException'> (0x00000000f0adaba8) thrown at [/builddir/build/BUILD/java-1.8.0-openjdk-1.8.0.91-0.b14.el7_2.x86_64/openjdk/hotspot/src/share/vm/runtime/sharedRuntime.cpp, line 613]
Event: 13.465 Thread 0x00007f66e0009000 Exception <a 'java/lang/ArrayIndexOutOfBoundsException'> (0x00000000f0adc1a0) thrown at [/builddir/build/BUILD/java-1.8.0-openjdk-1.8.0.91-0.b14.el7_2.x86_64/openjdk/hotspot/src/share/vm/runtime/sharedRuntime.cpp, line 613]
Event: 13.465 Thread 0x00007f66e0009000 Exception <a 'java/lang/ArrayIndexOutOfBoundsException'> (0x00000000f0add920) thrown at [/builddir/build/BUILD/java-1.8.0-openjdk-1.8.0.91-0.b14.el7_2.x86_64/openjdk/hotspot/src/share/vm/runtime/sharedRuntime.cpp, line 613]
Event: 13.465 Thread 0x00007f66e0009000 Exception <a 'java/lang/ArrayIndexOutOfBoundsException'> (0x00000000f0adf5b0) thrown at [/builddir/build/BUILD/java-1.8.0-openjdk-1.8.0.91-0.b14.el7_2.x86_64/openjdk/hotspot/src/share/vm/runtime/sharedRuntime.cpp, line 613]
Event: 13.465 Thread 0x00007f66e0009000 Exception <a 'java/lang/ArrayIndexOutOfBoundsException'> (0x00000000f0ae0ce0) thrown at [/builddir/build/BUILD/java-1.8.0-openjdk-1.8.0.91-0.b14.el7_2.x86_64/openjdk/hotspot/src/share/vm/runtime/sharedRuntime.cpp, line 613]
Event: 13.465 Thread 0x00007f66e0009000 Exception <a 'java/lang/ArrayIndexOutOfBoundsException'> (0x00000000f0ae2498) thrown at [/builddir/build/BUILD/java-1.8.0-openjdk-1.8.0.91-0.b14.el7_2.x86_64/openjdk/hotspot/src/share/vm/runtime/sharedRuntime.cpp, line 613]
Event: 13.465 Thread 0x00007f66e0009000 Exception <a 'java/lang/ArrayIndexOutOfBoundsException'> (0x00000000f0ae41d8) thrown at [/builddir/build/BUILD/java-1.8.0-openjdk-1.8.0.91-0.b14.el7_2.x86_64/openjdk/hotspot/src/share/vm/runtime/sharedRuntime.cpp, line 613]

Events (10 events):
Event: 15.576 loading class org/eclipse/aether/RequestTrace
Event: 15.576 loading class org/eclipse/aether/RequestTrace done
Event: 15.576 loading class org/apache/maven/model/Relocation
Event: 15.576 loading class org/apache/maven/model/Relocation done
Event: 15.578 loading class org/apache/maven/plugin/prefix/PluginPrefixRequest
Event: 15.578 loading class org/apache/maven/plugin/prefix/PluginPrefixRequest done
Event: 15.578 loading class org/apache/maven/plugin/version/PluginVersionRequest
Event: 15.578 loading class org/apache/maven/plugin/version/PluginVersionRequest done
Event: 15.579 Executing VM operation: GenCollectForAllocation
Event: 15.841 Executing VM operation: GenCollectForAllocation done


Dynamic libraries:
00400000-00401000 r-xp 00000000 ca:02 25811540                           /usr/lib/jvm/java-1.8.0-openjdk-1.8.0.91-0.b14.el7_2.x86_64/bin/java
00600000-00601000 r--p 00000000 ca:02 25811540                           /usr/lib/jvm/java-1.8.0-openjdk-1.8.0.91-0.b14.el7_2.x86_64/bin/java
00601000-00602000 rw-p 00001000 ca:02 25811540                           /usr/lib/jvm/java-1.8.0-openjdk-1.8.0.91-0.b14.el7_2.x86_64/bin/java
00fbf000-00fe0000 rw-p 00000000 00:00 0                                  [heap]
f0800000-f0d50000 rw-p 00000000 00:00 0 
f0d50000-f5aa0000 ---p 00000000 00:00 0 
f5aa0000-f6550000 rw-p 00000000 00:00 0 
f6550000-100000000 ---p 00000000 00:00 0 
100000000-100140000 rw-p 00000000 00:00 0 
100140000-140000000 ---p 00000000 00:00 0 
7f66a8000000-7f66a8021000 rw-p 00000000 00:00 0 
7f66a8021000-7f66ac000000 ---p 00000000 00:00 0 
7f66b0000000-7f66b0213000 rw-p 00000000 00:00 0 
7f66b0213000-7f66b4000000 ---p 00000000 00:00 0 
7f66b4000000-7f66b439e000 rw-p 00000000 00:00 0 
7f66b439e000-7f66b8000000 ---p 00000000 00:00 0 
7f66b8000000-7f66b8021000 rw-p 00000000 00:00 0 
7f66b8021000-7f66bc000000 ---p 00000000 00:00 0 
7f66bdad9000-7f66c4000000 r--p 00000000 ca:02 31158                      /usr/lib/locale/locale-archive
7f66c4000000-7f66c4021000 rw-p 00000000 00:00 0 
7f66c4021000-7f66c8000000 ---p 00000000 00:00 0 
7f66c8000000-7f66c8021000 rw-p 00000000 00:00 0 
7f66c8021000-7f66cc000000 ---p 00000000 00:00 0 
7f66cc000000-7f66cc021000 rw-p 00000000 00:00 0 
7f66cc021000-7f66d0000000 ---p 00000000 00:00 0 
7f66d1000000-7f66d1340000 rwxp 00000000 00:00 0 
7f66d1340000-7f66e0000000 ---p 00000000 00:00 0 
7f66e0000000-7f66e0586000 rw-p 00000000 00:00 0 
7f66e0586000-7f66e4000000 ---p 00000000 00:00 0 
7f66e4267000-7f66e4327000 rw-p 00000000 00:00 0 
7f66e4364000-7f66e4367000 rw-p 00000000 00:00 0 
7f66e4367000-7f66e4467000 ---p 00000000 00:00 0 
7f66e4467000-7f66e446a000 r--s 0000d000 ca:02 18373192                   /usr/share/apache-maven/lib/plexus-interpolation-1.21.jar
7f66e446a000-7f66e446e000 r--s 00038000 ca:02 18373195                   /usr/share/apache-maven/lib/plexus-utils-3.0.22.jar
7f66e446e000-7f66e4470000 r--s 00000000 ca:02 18373191                   /usr/share/apache-maven/lib/plexus-component-annotations-1.6.jar
7f66e4470000-7f66e4472000 r--s 0000b000 ca:02 18373206                   /usr/share/apache-maven/lib/wagon-provider-api-2.10.jar
7f66e4472000-7f66e4474000 r--s 00002000 ca:02 18373189                   /usr/share/apache-maven/lib/plexus-cipher-1.7.jar
7f66e4474000-7f66e4479000 r--s 00026000 ca:02 17898709                   /usr/share/apache-maven/lib/maven-model-builder-3.3.9.jar
7f66e4479000-7f66e447a000 r--s 00006000 ca:02 18373193                   /usr/share/apache-maven/lib/plexus-sec-dispatcher-1.3.jar
7f66e447a000-7f66e447d000 r--s 00025000 ca:02 17898708                   /usr/share/apache-maven/lib/maven-model-3.3.9.jar
7f66e447d000-7f66e447e000 r--s 00002000 ca:02 18373203                   /usr/share/apache-maven/lib/wagon-http-shared-2.10.jar
7f66e447e000-7f66e44ac000 r--s 001f3000 ca:02 18373202                   /usr/share/apache-maven/lib/wagon-http-2.10-shaded.jar
7f66e44ac000-7f66e44af000 r--s 00013000 ca:02 17898705                   /usr/share/apache-maven/lib/maven-embedder-3.3.9.jar
7f66e44af000-7f66e44bc000 r--s 0008d000 ca:02 18258850                   /usr/share/apache-maven/lib/maven-core-3.3.9.jar
7f66e44bc000-7f66e44c3000 r--s 00040000 ca:02 18258848                   /usr/share/apache-maven/lib/maven-compat-3.3.9.jar
7f66e44c3000-7f66e44c4000 r--s 00002000 ca:02 18373200                   /usr/share/apache-maven/lib/wagon-file-2.10.jar
7f66e44c4000-7f66e44ca000 r--s 0002d000 ca:02 18373187                   /usr/share/apache-maven/lib/org.eclipse.sisu.plexus-0.3.2.jar
7f66e44ca000-7f66e44cb000 r--s 00003000 ca:02 18296397                   /usr/share/apache-maven/lib/maven-builder-support-3.3.9.jar
7f66e44cb000-7f66e44ce000 r--s 0000b000 ca:02 18372799                   /usr/share/apache-maven/lib/maven-artifact-3.3.9.jar
7f66e44ce000-7f66e44cf000 r--s 00002000 ca:02 18373198                   /usr/share/apache-maven/lib/slf4j-simple-1.7.5.jar
7f66e44cf000-7f66e44d7000 r--s 00055000 ca:02 18373185                   /usr/share/apache-maven/lib/org.eclipse.sisu.inject-0.3.2.jar
7f66e44d7000-7f66e44d9000 r--s 0000f000 ca:02 18372797                   /usr/share/apache-maven/lib/maven-aether-provider-3.3.9.jar
7f66e44d9000-7f66e44df000 r--s 00042000 ca:02 18372793                   /usr/share/apache-maven/lib/jsoup-1.7.2.jar
7f66e44df000-7f66e44e8000 r--s 0005f000 ca:02 18372791                   /usr/share/apache-maven/lib/guice-4.0-no_aop.jar
7f66e44e8000-7f66e4513000 r--s 001f5000 ca:02 18372790                   /usr/share/apache-maven/lib/guava-18.0.jar
7f66e4513000-7f66e451a000 r--s 00063000 ca:02 18372788                   /usr/share/apache-maven/lib/commons-lang3-3.4.jar
7f66e451a000-7f66e451c000 r--s 00005000 ca:02 18373196                   /usr/share/apache-maven/lib/slf4j-api-1.7.5.jar
7f66e451c000-7f66e4521000 r--s 00041000 ca:02 18372787                   /usr/share/apache-maven/lib/commons-lang-2.6.jar
7f66e4521000-7f66e4525000 r--s 00027000 ca:02 18372786                   /usr/share/apache-maven/lib/commons-io-2.2.jar
7f66e4525000-7f66e4527000 r--s 00009000 ca:02 18372785                   /usr/share/apache-maven/lib/commons-cli-1.2.jar
7f66e4527000-7f66e452a000 r--s 00008000 ca:02 18372783                   /usr/share/apache-maven/lib/cdi-api-1.0.jar
7f66e452a000-7f66e452b000 ---p 00000000 00:00 0 
7f66e452b000-7f66e462b000 rw-p 00000000 00:00 0                          [stack:4252]
7f66e462b000-7f66e462e000 ---p 00000000 00:00 0 
7f66e462e000-7f66e472c000 rw-p 00000000 00:00 0                          [stack:4251]
7f66e472c000-7f66e472f000 ---p 00000000 00:00 0 
7f66e472f000-7f66e482d000 rw-p 00000000 00:00 0                          [stack:4250]
7f66e482d000-7f66e4830000 ---p 00000000 00:00 0 
7f66e4830000-7f66e492e000 rw-p 00000000 00:00 0                          [stack:4249]
7f66e492e000-7f66e4931000 ---p 00000000 00:00 0 
7f66e4931000-7f66e4a2f000 rw-p 00000000 00:00 0                          [stack:4248]
7f66e4a2f000-7f66e4a32000 ---p 00000000 00:00 0 
7f66e4a32000-7f66e4b30000 rw-p 00000000 00:00 0                          [stack:4247]
7f66e4b30000-7f66e4b33000 ---p 00000000 00:00 0 
7f66e4b33000-7f66e4c31000 rw-p 00000000 00:00 0                          [stack:4246]
7f66e4c31000-7f66e4c32000 ---p 00000000 00:00 0 
7f66e4c32000-7f66e4d7f000 rw-p 00000000 00:00 0                          [stack:4245]
7f66e4d7f000-7f66e4f4d000 r--s 043be000 ca:02 17898691                   /usr/lib/jvm/java-1.8.0-openjdk-1.8.0.91-0.b14.el7_2.x86_64/jre/lib/rt.jar
7f66e4f4d000-7f66e5846000 rw-p 00000000 00:00 0 
7f66e5846000-7f66e5853000 rw-p 00000000 00:00 0 
7f66e5853000-7f66e5c06000 ---p 00000000 00:00 0 
7f66e5c06000-7f66e5c0e000 r-xp 00000000 ca:02 25641381                   /usr/lib/jvm/java-1.8.0-openjdk-1.8.0.91-0.b14.el7_2.x86_64/jre/lib/amd64/libzip.so
7f66e5c0e000-7f66e5e0d000 ---p 00008000 ca:02 25641381                   /usr/lib/jvm/java-1.8.0-openjdk-1.8.0.91-0.b14.el7_2.x86_64/jre/lib/amd64/libzip.so
7f66e5e0d000-7f66e5e0e000 r--p 00007000 ca:02 25641381                   /usr/lib/jvm/java-1.8.0-openjdk-1.8.0.91-0.b14.el7_2.x86_64/jre/lib/amd64/libzip.so
7f66e5e0e000-7f66e5e0f000 rw-p 00008000 ca:02 25641381                   /usr/lib/jvm/java-1.8.0-openjdk-1.8.0.91-0.b14.el7_2.x86_64/jre/lib/amd64/libzip.so
7f66e5e0f000-7f66e5e1a000 r-xp 00000000 ca:02 16820103                   /usr/lib64/libnss_files-2.17.so
7f66e5e1a000-7f66e6019000 ---p 0000b000 ca:02 16820103                   /usr/lib64/libnss_files-2.17.so
7f66e6019000-7f66e601a000 r--p 0000a000 ca:02 16820103                   /usr/lib64/libnss_files-2.17.so
7f66e601a000-7f66e601b000 rw-p 0000b000 ca:02 16820103                   /usr/lib64/libnss_files-2.17.so
7f66e601b000-7f66e6021000 rw-p 00000000 00:00 0 
7f66e6021000-7f66e604e000 r-xp 00000000 ca:02 25641364                   /usr/lib/jvm/java-1.8.0-openjdk-1.8.0.91-0.b14.el7_2.x86_64/jre/lib/amd64/libjava.so
7f66e604e000-7f66e624d000 ---p 0002d000 ca:02 25641364                   /usr/lib/jvm/java-1.8.0-openjdk-1.8.0.91-0.b14.el7_2.x86_64/jre/lib/amd64/libjava.so
7f66e624d000-7f66e624e000 r--p 0002c000 ca:02 25641364                   /usr/lib/jvm/java-1.8.0-openjdk-1.8.0.91-0.b14.el7_2.x86_64/jre/lib/amd64/libjava.so
7f66e624e000-7f66e6250000 rw-p 0002d000 ca:02 25641364                   /usr/lib/jvm/java-1.8.0-openjdk-1.8.0.91-0.b14.el7_2.x86_64/jre/lib/amd64/libjava.so
7f66e6250000-7f66e625d000 r-xp 00000000 ca:02 25641380                   /usr/lib/jvm/java-1.8.0-openjdk-1.8.0.91-0.b14.el7_2.x86_64/jre/lib/amd64/libverify.so
7f66e625d000-7f66e645c000 ---p 0000d000 ca:02 25641380                   /usr/lib/jvm/java-1.8.0-openjdk-1.8.0.91-0.b14.el7_2.x86_64/jre/lib/amd64/libverify.so
7f66e645c000-7f66e645e000 r--p 0000c000 ca:02 25641380                   /usr/lib/jvm/java-1.8.0-openjdk-1.8.0.91-0.b14.el7_2.x86_64/jre/lib/amd64/libverify.so
7f66e645e000-7f66e645f000 rw-p 0000e000 ca:02 25641380                   /usr/lib/jvm/java-1.8.0-openjdk-1.8.0.91-0.b14.el7_2.x86_64/jre/lib/amd64/libverify.so
7f66e645f000-7f66e6466000 r-xp 00000000 ca:02 16820115                   /usr/lib64/librt-2.17.so
7f66e6466000-7f66e6665000 ---p 00007000 ca:02 16820115                   /usr/lib64/librt-2.17.so
7f66e6665000-7f66e6666000 r--p 00006000 ca:02 16820115                   /usr/lib64/librt-2.17.so
7f66e6666000-7f66e6667000 rw-p 00007000 ca:02 16820115                   /usr/lib64/librt-2.17.so
7f66e6667000-7f66e667c000 r-xp 00000000 ca:02 16818313                   /usr/lib64/libgcc_s-4.8.5-20150702.so.1
7f66e667c000-7f66e687b000 ---p 00015000 ca:02 16818313                   /usr/lib64/libgcc_s-4.8.5-20150702.so.1
7f66e687b000-7f66e687c000 r--p 00014000 ca:02 16818313                   /usr/lib64/libgcc_s-4.8.5-20150702.so.1
7f66e687c000-7f66e687d000 rw-p 00015000 ca:02 16818313                   /usr/lib64/libgcc_s-4.8.5-20150702.so.1
7f66e687d000-7f66e697e000 r-xp 00000000 ca:02 16820093                   /usr/lib64/libm-2.17.so
7f66e697e000-7f66e6b7d000 ---p 00101000 ca:02 16820093                   /usr/lib64/libm-2.17.so
7f66e6b7d000-7f66e6b7e000 r--p 00100000 ca:02 16820093                   /usr/lib64/libm-2.17.so
7f66e6b7e000-7f66e6b7f000 rw-p 00101000 ca:02 16820093                   /usr/lib64/libm-2.17.so
7f66e6b7f000-7f66e6c68000 r-xp 00000000 ca:02 16821188                   /usr/lib64/libstdc++.so.6.0.19
7f66e6c68000-7f66e6e68000 ---p 000e9000 ca:02 16821188                   /usr/lib64/libstdc++.so.6.0.19
7f66e6e68000-7f66e6e71000 r--p 000e9000 ca:02 16821188                   /usr/lib64/libstdc++.so.6.0.19
7f66e6e71000-7f66e6e73000 rw-p 000f2000 ca:02 16821188                   /usr/lib64/libstdc++.so.6.0.19
7f66e6e73000-7f66e6e88000 rw-p 00000000 00:00 0 
7f66e6e88000-7f66e7a8e000 r-xp 00000000 ca:02 50483475                   /usr/lib/jvm/java-1.8.0-openjdk-1.8.0.91-0.b14.el7_2.x86_64/jre/lib/amd64/server/libjvm.so
7f66e7a8e000-7f66e7c8d000 ---p 00c06000 ca:02 50483475                   /usr/lib/jvm/java-1.8.0-openjdk-1.8.0.91-0.b14.el7_2.x86_64/jre/lib/amd64/server/libjvm.so
7f66e7c8d000-7f66e7d2c000 r--p 00c05000 ca:02 50483475                   /usr/lib/jvm/java-1.8.0-openjdk-1.8.0.91-0.b14.el7_2.x86_64/jre/lib/amd64/server/libjvm.so
7f66e7d2c000-7f66e7d55000 rw-p 00ca4000 ca:02 50483475                   /usr/lib/jvm/java-1.8.0-openjdk-1.8.0.91-0.b14.el7_2.x86_64/jre/lib/amd64/server/libjvm.so
7f66e7d55000-7f66e7d87000 rw-p 00000000 00:00 0 
7f66e7d87000-7f66e7f3d000 r-xp 00000000 ca:02 16820085                   /usr/lib64/libc-2.17.so
7f66e7f3d000-7f66e813d000 ---p 001b6000 ca:02 16820085                   /usr/lib64/libc-2.17.so
7f66e813d000-7f66e8141000 r--p 001b6000 ca:02 16820085                   /usr/lib64/libc-2.17.so
7f66e8141000-7f66e8143000 rw-p 001ba000 ca:02 16820085                   /usr/lib64/libc-2.17.so
7f66e8143000-7f66e8148000 rw-p 00000000 00:00 0 
7f66e8148000-7f66e814b000 r-xp 00000000 ca:02 16820091                   /usr/lib64/libdl-2.17.so
7f66e814b000-7f66e834a000 ---p 00003000 ca:02 16820091                   /usr/lib64/libdl-2.17.so
7f66e834a000-7f66e834b000 r--p 00002000 ca:02 16820091                   /usr/lib64/libdl-2.17.so
7f66e834b000-7f66e834c000 rw-p 00003000 ca:02 16820091                   /usr/lib64/libdl-2.17.so
7f66e834c000-7f66e835a000 r-xp 00000000 ca:02 8957191                    /usr/lib/jvm/java-1.8.0-openjdk-1.8.0.91-0.b14.el7_2.x86_64/lib/amd64/jli/libjli.so
7f66e835a000-7f66e8559000 ---p 0000e000 ca:02 8957191                    /usr/lib/jvm/java-1.8.0-openjdk-1.8.0.91-0.b14.el7_2.x86_64/lib/amd64/jli/libjli.so
7f66e8559000-7f66e855a000 r--p 0000d000 ca:02 8957191                    /usr/lib/jvm/java-1.8.0-openjdk-1.8.0.91-0.b14.el7_2.x86_64/lib/amd64/jli/libjli.so
7f66e855a000-7f66e855b000 rw-p 0000e000 ca:02 8957191                    /usr/lib/jvm/java-1.8.0-openjdk-1.8.0.91-0.b14.el7_2.x86_64/lib/amd64/jli/libjli.so
7f66e855b000-7f66e8570000 r-xp 00000000 ca:02 16821247                   /usr/lib64/libz.so.1.2.7
7f66e8570000-7f66e876f000 ---p 00015000 ca:02 16821247                   /usr/lib64/libz.so.1.2.7
7f66e876f000-7f66e8770000 r--p 00014000 ca:02 16821247                   /usr/lib64/libz.so.1.2.7
7f66e8770000-7f66e8771000 rw-p 00015000 ca:02 16821247                   /usr/lib64/libz.so.1.2.7
7f66e8771000-7f66e8787000 r-xp 00000000 ca:02 16820111                   /usr/lib64/libpthread-2.17.so
7f66e8787000-7f66e8987000 ---p 00016000 ca:02 16820111                   /usr/lib64/libpthread-2.17.so
7f66e8987000-7f66e8988000 r--p 00016000 ca:02 16820111                   /usr/lib64/libpthread-2.17.so
7f66e8988000-7f66e8989000 rw-p 00017000 ca:02 16820111                   /usr/lib64/libpthread-2.17.so
7f66e8989000-7f66e898d000 rw-p 00000000 00:00 0 
7f66e898d000-7f66e89ae000 r-xp 00000000 ca:02 16820078                   /usr/lib64/ld-2.17.so
7f66e89ae000-7f66e89af000 r--s 00001000 ca:02 18372795                   /usr/share/apache-maven/lib/jsr250-api-1.0.jar
7f66e89af000-7f66e89b1000 r--s 00000000 ca:02 18372782                   /usr/share/apache-maven/lib/aopalliance-1.0.jar
7f66e89b1000-7f66e89b5000 r--s 00020000 ca:02 18372780                   /usr/share/apache-maven/lib/aether-util-1.0.2.v20150114.jar
7f66e89b5000-7f66e89b7000 r--s 00009000 ca:02 17898716                   /usr/share/apache-maven/lib/maven-settings-3.3.9.jar
7f66e89b7000-7f66e89b9000 r--s 00005000 ca:02 18372778                   /usr/share/apache-maven/lib/aether-transport-wagon-1.0.2.v20150114.jar
7f66e89b9000-7f66e89bb000 r--s 0000a000 ca:02 17898712                   /usr/share/apache-maven/lib/maven-plugin-api-3.3.9.jar
7f66e89bb000-7f66e89bd000 r--s 00006000 ca:02 18372776                   /usr/share/apache-maven/lib/aether-spi-1.0.2.v20150114.jar
7f66e89bd000-7f66e89bf000 r--s 00009000 ca:02 17898717                   /usr/share/apache-maven/lib/maven-settings-builder-3.3.9.jar
7f66e89bf000-7f66e89c3000 r--s 00027000 ca:02 18372774                   /usr/share/apache-maven/lib/aether-impl-1.0.2.v20150114.jar
7f66e89c3000-7f66e89c8000 r--s 0001d000 ca:02 18372770                   /usr/share/apache-maven/lib/aether-api-1.0.2.v20150114.jar
7f66e89c8000-7f66e89ce000 rw-p 00000000 00:00 0 
7f66e89ce000-7f66e8a1b000 ---p 00000000 00:00 0 
7f66e8a1b000-7f66e8a1e000 rw-p 00000000 00:00 0 
7f66e8a1e000-7f66e8a44000 ---p 00000000 00:00 0 
7f66e8a44000-7f66e8a4a000 rw-p 00000000 00:00 0 
7f66e8a4a000-7f66e8a97000 ---p 00000000 00:00 0 
7f66e8a97000-7f66e8a98000 rw-p 00000000 00:00 0 
7f66e8a98000-7f66e8aa0000 rw-s 00000000 ca:02 18262059                   /tmp/hsperfdata_ec2-user/4234
7f66e8aa0000-7f66e8aa3000 ---p 00000000 00:00 0 
7f66e8aa3000-7f66e8ba6000 rw-p 00000000 00:00 0                          [stack:4244]
7f66e8ba6000-7f66e8ba7000 r--s 00000000 ca:02 18372792                   /usr/share/apache-maven/lib/javax.inject-1.jar
7f66e8ba7000-7f66e8ba8000 r--s 00006000 ca:02 17898714                   /usr/share/apache-maven/lib/maven-repository-metadata-3.3.9.jar
7f66e8ba8000-7f66e8ba9000 r--s 00008000 ca:02 18372772                   /usr/share/apache-maven/lib/aether-connector-basic-1.0.2.v20150114.jar
7f66e8ba9000-7f66e8bab000 r--s 0000b000 ca:02 9192479                    /usr/share/apache-maven/boot/plexus-classworlds-2.5.2.jar
7f66e8bab000-7f66e8bac000 rw-p 00000000 00:00 0 
7f66e8bac000-7f66e8bad000 r--p 00000000 00:00 0 
7f66e8bad000-7f66e8bae000 rw-p 00000000 00:00 0 
7f66e8bae000-7f66e8baf000 r--p 00021000 ca:02 16820078                   /usr/lib64/ld-2.17.so
7f66e8baf000-7f66e8bb0000 rw-p 00022000 ca:02 16820078                   /usr/lib64/ld-2.17.so
7f66e8bb0000-7f66e8bb1000 rw-p 00000000 00:00 0 
7ffdb0139000-7ffdb015a000 rw-p 00000000 00:00 0                          [stack]
7ffdb0180000-7ffdb0182000 r-xp 00000000 00:00 0                          [vdso]
ffffffffff600000-ffffffffff601000 r-xp 00000000 00:00 0                  [vsyscall]

VM Arguments:
jvm_args: -Dclassworlds.conf=/usr/share/apache-maven/bin/m2.conf -Dmaven.home=/usr/share/apache-maven -Dmaven.multiModuleProjectDirectory=/home/ec2-user/diploma/streaming-engines-comparison 
java_command: org.codehaus.plexus.classworlds.launcher.Launcher package
java_class_path (initial): /usr/share/apache-maven/boot/plexus-classworlds-2.5.2.jar
Launcher Type: SUN_STANDARD

Environment Variables:
JAVA_HOME=/usr/lib/jvm/java-1.8.0-openjdk-1.8.0.91-0.b14.el7_2.x86_64
PATH=/usr/local/bin:/usr/bin:/usr/local/sbin:/usr/sbin:/home/ec2-user/.local/bin:/home/ec2-user/bin:/usr/lib/jvm/java-1.8.0-openjdk-1.8.0.91-0.b14.el7_2.x86_64/bin
SHELL=/bin/bash

Signal Handlers:
SIGSEGV: [libjvm.so+0xa0b060], sa_mask[0]=11111111011111111101111111111110, sa_flags=SA_RESTART|SA_SIGINFO
SIGBUS: [libjvm.so+0xa0b060], sa_mask[0]=11111111011111111101111111111110, sa_flags=SA_RESTART|SA_SIGINFO
SIGFPE: [libjvm.so+0x868dc0], sa_mask[0]=11111111011111111101111111111110, sa_flags=SA_RESTART|SA_SIGINFO
SIGPIPE: [libjvm.so+0x868dc0], sa_mask[0]=11111111011111111101111111111110, sa_flags=SA_RESTART|SA_SIGINFO
SIGXFSZ: [libjvm.so+0x868dc0], sa_mask[0]=11111111011111111101111111111110, sa_flags=SA_RESTART|SA_SIGINFO
SIGILL: [libjvm.so+0x868dc0], sa_mask[0]=11111111011111111101111111111110, sa_flags=SA_RESTART|SA_SIGINFO
SIGUSR1: SIG_DFL, sa_mask[0]=00000000000000000000000000000000, sa_flags=none
SIGUSR2: [libjvm.so+0x868c70], sa_mask[0]=00000000000000000000000000000000, sa_flags=SA_RESTART|SA_SIGINFO
SIGHUP: [libjvm.so+0x868e80], sa_mask[0]=11111111011111111101111111111110, sa_flags=SA_RESTART|SA_SIGINFO
SIGINT: [libjvm.so+0x868e80], sa_mask[0]=11111111011111111101111111111110, sa_flags=SA_RESTART|SA_SIGINFO
SIGTERM: [libjvm.so+0x868e80], sa_mask[0]=11111111011111111101111111111110, sa_flags=SA_RESTART|SA_SIGINFO
SIGQUIT: [libjvm.so+0x868e80], sa_mask[0]=11111111011111111101111111111110, sa_flags=SA_RESTART|SA_SIGINFO


---------------  S Y S T E M  ---------------

OS:Red Hat Enterprise Linux Server release 7.2 (Maipo)

uname:Linux 3.10.0-327.el7.x86_64 #1 SMP Thu Oct 29 17:29:29 EDT 2015 x86_64
libc:glibc 2.17 NPTL 2.17 
rlimit: STACK 8192k, CORE 0k, NPROC 3824, NOFILE 4096, AS infinity
load average:4.22 1.37 0.61

/proc/meminfo:
MemTotal:        1015472 kB
MemFree:           49088 kB
MemAvailable:       7952 kB
Buffers:               0 kB
Cached:            29236 kB
SwapCached:            0 kB
Active:           868196 kB
Inactive:          25568 kB
Active(anon):     864760 kB
Inactive(anon):    12884 kB
Active(file):       3436 kB
Inactive(file):    12684 kB
Unevictable:           0 kB
Mlocked:               0 kB
SwapTotal:             0 kB
SwapFree:              0 kB
Dirty:                24 kB
Writeback:             0 kB
AnonPages:        864540 kB
Mapped:             5628 kB
Shmem:             13104 kB
Slab:              40724 kB
SReclaimable:      14228 kB
SUnreclaim:        26496 kB
KernelStack:        6240 kB
PageTables:        10108 kB
NFS_Unstable:          0 kB
Bounce:                0 kB
WritebackTmp:          0 kB
CommitLimit:      507736 kB
Committed_AS:    1661876 kB
VmallocTotal:   34359738367 kB
VmallocUsed:       10180 kB
VmallocChunk:   34359722748 kB
HardwareCorrupted:     0 kB
AnonHugePages:    274432 kB
HugePages_Total:       0
HugePages_Free:        0
HugePages_Rsvd:        0
HugePages_Surp:        0
Hugepagesize:       2048 kB
DirectMap4k:       47104 kB
DirectMap2M:     1001472 kB


CPU:total 1 (1 cores per cpu, 1 threads per core) family 6 model 63 stepping 2, cmov, cx8, fxsr, mmx, sse, sse2, sse3, ssse3, sse4.1, sse4.2, popcnt, avx, avx2, aes, clmul, erms, lzcnt, tsc, bmi1, bmi2

/proc/cpuinfo:
processor	: 0
vendor_id	: GenuineIntel
cpu family	: 6
model		: 63
model name	: Intel(R) Xeon(R) CPU E5-2676 v3 @ 2.40GHz
stepping	: 2
microcode	: 0x2b
cpu MHz		: 2400.060
cache size	: 30720 KB
physical id	: 0
siblings	: 1
core id		: 0
cpu cores	: 1
apicid		: 0
initial apicid	: 0
fpu		: yes
fpu_exception	: yes
cpuid level	: 13
wp		: yes
flags		: fpu vme de pse tsc msr pae mce cx8 apic sep mtrr pge mca cmov pat pse36 clflush mmx fxsr sse sse2 ht syscall nx rdtscp lm constant_tsc rep_good nopl xtopology eagerfpu pni pclmulqdq ssse3 fma cx16 pcid sse4_1 sse4_2 x2apic movbe popcnt tsc_deadline_timer aes xsave avx f16c rdrand hypervisor lahf_lm abm fsgsbase bmi1 avx2 smep bmi2 erms invpcid xsaveopt
bogomips	: 4800.12
clflush size	: 64
cache_alignment	: 64
address sizes	: 46 bits physical, 48 bits virtual
power management:



Memory: 4k page, physical 1015472k(49088k free), swap 0k(0k free)

vm_info: OpenJDK 64-Bit Server VM (25.91-b14) for linux-amd64 JRE (1.8.0_91-b14), built on Apr 12 2016 16:23:31 by "mockbuild" with gcc 4.8.5 20150623 (Red Hat 4.8.5-4)

time: Sat Jun  4 08:40:14 2016
elapsed time: 17 seconds (0d 0h 0m 17s)

